Using pre-set license
Built from '2020.3/staging' branch; Version is '2020.3.0f1 (c7b5465681fb) revision 13088070'; Using compiler version '192528614'; Build Type 'Release'
OS: 'Windows 10 Pro N; OS build 19044.1586; Version 2009; 64bit' Language: 'pl' Physical Memory: 16315 MB
BatchMode: 1, IsHumanControllingUs: 0, StartBugReporterOnCrash: 0, Is64bit: 1, IsPro: 0

 COMMAND LINE ARGUMENTS:
C:\Program Files\Unity\Hub\Editor\2020.3.0f1\Editor\Unity.exe
-adb2
-batchMode
-noUpm
-name
AssetImportWorker0
-projectPath
C:/Users/marci/Documents/Game KS
-logFile
Logs/AssetImportWorker0.log
-srvPort
60888
Successfully changed project path to: C:/Users/marci/Documents/Game KS
C:/Users/marci/Documents/Game KS
Using Asset Import Pipeline V2.
Refreshing native plugins compatible for Editor in 37.99 ms, found 1 plugins.
Preloading 0 native plugins for Editor in 0.00 ms.
Initialize engine version: 2020.3.0f1 (c7b5465681fb)
[Subsystems] Discovering subsystems at path C:/Program Files/Unity/Hub/Editor/2020.3.0f1/Editor/Data/Resources/UnitySubsystems
[Subsystems] Discovering subsystems at path C:/Users/marci/Documents/Game KS/Assets
GfxDevice: creating device client; threaded=0
Direct3D:
    Version:  Direct3D 11.0 [level 11.1]
    Renderer: Radeon RX 570 Series (ID=0x67df)
    Vendor:   
    VRAM:     4075 MB
    Driver:   30.0.14023.3004
Initialize mono
Mono path[0] = 'C:/Program Files/Unity/Hub/Editor/2020.3.0f1/Editor/Data/Managed'
Mono path[1] = 'C:/Program Files/Unity/Hub/Editor/2020.3.0f1/Editor/Data/MonoBleedingEdge/lib/mono/unityjit'
Mono config path = 'C:/Program Files/Unity/Hub/Editor/2020.3.0f1/Editor/Data/MonoBleedingEdge/etc'
Using monoOptions --debugger-agent=transport=dt_socket,embedding=1,server=y,suspend=n,address=127.0.0.1:56812
Begin MonoManager ReloadAssembly
Registering precompiled unity dll's ...
Register platform support module: C:/Program Files/Unity/Hub/Editor/2020.3.0f1/Editor/Data/PlaybackEngines/WebGLSupport/UnityEditor.WebGL.Extensions.dll
Register platform support module: C:/Program Files/Unity/Hub/Editor/2020.3.0f1/Editor/Data/PlaybackEngines/WindowsStandaloneSupport/UnityEditor.WindowsStandalone.Extensions.dll
Registered in 0.001965 seconds.
Native extension for WindowsStandalone target not found
Native extension for WebGL target not found
Refreshing native plugins compatible for Editor in 34.84 ms, found 1 plugins.
Preloading 0 native plugins for Editor in 0.00 ms.
Invoked RoslynAnalysisRunner static constructor.
RoslynAnalysisRunner will not be running.
RoslynAnalysisRunner has terminated.
Mono: successfully reloaded assembly
- Completed reload, in  1.894 seconds
Platform modules already initialized, skipping
Registering precompiled user dll's ...
Registered in 0.001010 seconds.
Begin MonoManager ReloadAssembly
Native extension for WindowsStandalone target not found
Native extension for WebGL target not found
Refreshing native plugins compatible for Editor in 35.52 ms, found 1 plugins.
Preloading 0 native plugins for Editor in 0.00 ms.
Invoked RoslynAnalysisRunner static constructor.
RoslynAnalysisRunner will not be running.
RoslynAnalysisRunner has terminated.
Mono: successfully reloaded assembly
- Completed reload, in  0.891 seconds
Platform modules already initialized, skipping
========================================================================
Worker process is ready to serve import requests
Launched and connected shader compiler UnityShaderCompiler.exe after 0.04 seconds
Refreshing native plugins compatible for Editor in 0.53 ms, found 1 plugins.
Preloading 0 native plugins for Editor in 0.00 ms.
Unloading 1908 Unused Serialized files (Serialized files now loaded: 0)
System memory in use before: 87.4 MB.
System memory in use after: 87.4 MB.

Unloading 32 unused Assets to reduce memory usage. Loaded Objects now: 2343.
Total: 2.274700 ms (FindLiveObjects: 0.258000 ms CreateObjectMapping: 0.060000 ms MarkObjects: 1.871000 ms  DeleteObjects: 0.083900 ms)

========================================================================
Received Import Request.
  path: Assets/GuessIntervalMode.cs
  artifactKey: Guid(81403b6adf790024a9ed98ecc75ea404) Importer(815301076,1909f56bfc062723c751e8b465ee728b)
Start importing Assets/GuessIntervalMode.cs using Guid(81403b6adf790024a9ed98ecc75ea404) Importer(815301076,1909f56bfc062723c751e8b465ee728b)  -> (artifact id: '8e0db3c5d204424dbed03406696de0f1') in 0.033392 seconds
  Import took 0.036636 seconds .

========================================================================
Received Import Request.
  Time since last request: 255.391764 seconds.
  path: Assets/GuessIntervalMode.cs
  artifactKey: Guid(81403b6adf790024a9ed98ecc75ea404) Importer(815301076,1909f56bfc062723c751e8b465ee728b)
Start importing Assets/GuessIntervalMode.cs using Guid(81403b6adf790024a9ed98ecc75ea404) Importer(815301076,1909f56bfc062723c751e8b465ee728b)  -> (artifact id: 'c68a18a9ca138cb1250fafc9111e7994') in 0.003877 seconds
  Import took 0.007612 seconds .

========================================================================
Received Prepare
Registering precompiled user dll's ...
Registered in 0.001172 seconds.
Begin MonoManager ReloadAssembly
Native extension for WindowsStandalone target not found
Native extension for WebGL target not found
Refreshing native plugins compatible for Editor in 0.56 ms, found 1 plugins.
Preloading 0 native plugins for Editor in 0.00 ms.
Invoked RoslynAnalysisRunner static constructor.
RoslynAnalysisRunner will not be running.
RoslynAnalysisRunner has terminated.
Mono: successfully reloaded assembly
- Completed reload, in  0.851 seconds
Platform modules already initialized, skipping
Refreshing native plugins compatible for Editor in 0.56 ms, found 1 plugins.
Preloading 0 native plugins for Editor in 0.00 ms.
Unloading 1898 Unused Serialized files (Serialized files now loaded: 0)
System memory in use before: 86.9 MB.
System memory in use after: 87.1 MB.

Unloading 20 unused Assets to reduce memory usage. Loaded Objects now: 2347.
Total: 1.973600 ms (FindLiveObjects: 0.241700 ms CreateObjectMapping: 0.045300 ms MarkObjects: 1.662100 ms  DeleteObjects: 0.023100 ms)

========================================================================
Received Import Request.
  Time since last request: 92.060201 seconds.
  path: Assets/SelectIntervals.unity
  artifactKey: Guid(35d92e9853a684247bb9a1f4610262a1) Importer(815301076,1909f56bfc062723c751e8b465ee728b)
Start importing Assets/SelectIntervals.unity using Guid(35d92e9853a684247bb9a1f4610262a1) Importer(815301076,1909f56bfc062723c751e8b465ee728b)  -> (artifact id: '27067ad3edfb2e6994cae4d59fc90b36') in 0.018104 seconds
  Import took 0.021466 seconds .

========================================================================
Received Import Request.
  Time since last request: 63.503909 seconds.
  path: Assets/CustomSelectIntervals.unity
  artifactKey: Guid(35d92e9853a684247bb9a1f4610262a1) Importer(815301076,1909f56bfc062723c751e8b465ee728b)
Start importing Assets/CustomSelectIntervals.unity using Guid(35d92e9853a684247bb9a1f4610262a1) Importer(815301076,1909f56bfc062723c751e8b465ee728b)  -> (artifact id: '68fc8271a18ecb952d90c73e9f132fce') in 0.008072 seconds
  Import took 0.011935 seconds .

========================================================================
Received Import Request.
  Time since last request: 40.683492 seconds.
  path: Assets/CustomMode.cs
  artifactKey: Guid(6c666f529d7b2e345b9af0037f6e1897) Importer(815301076,1909f56bfc062723c751e8b465ee728b)
Start importing Assets/CustomMode.cs using Guid(6c666f529d7b2e345b9af0037f6e1897) Importer(815301076,1909f56bfc062723c751e8b465ee728b)  -> (artifact id: 'c3f52f8afdd178b9af951084b19c8325') in 0.008736 seconds
  Import took 0.012680 seconds .

========================================================================
Received Prepare
Registering precompiled user dll's ...
Registered in 0.001166 seconds.
Begin MonoManager ReloadAssembly
Native extension for WindowsStandalone target not found
Native extension for WebGL target not found
Refreshing native plugins compatible for Editor in 0.63 ms, found 1 plugins.
Preloading 0 native plugins for Editor in 0.00 ms.
Invoked RoslynAnalysisRunner static constructor.
RoslynAnalysisRunner will not be running.
RoslynAnalysisRunner has terminated.
Mono: successfully reloaded assembly
- Completed reload, in  0.862 seconds
Platform modules already initialized, skipping
Refreshing native plugins compatible for Editor in 0.55 ms, found 1 plugins.
Preloading 0 native plugins for Editor in 0.00 ms.
Unloading 1899 Unused Serialized files (Serialized files now loaded: 0)
System memory in use before: 87.0 MB.
System memory in use after: 87.1 MB.

Unloading 20 unused Assets to reduce memory usage. Loaded Objects now: 2352.
Total: 2.517900 ms (FindLiveObjects: 0.263100 ms CreateObjectMapping: 0.050100 ms MarkObjects: 2.175600 ms  DeleteObjects: 0.027500 ms)

========================================================================
Received Prepare
Registering precompiled user dll's ...
Registered in 0.001126 seconds.
Begin MonoManager ReloadAssembly
Native extension for WindowsStandalone target not found
Native extension for WebGL target not found
Refreshing native plugins compatible for Editor in 0.58 ms, found 1 plugins.
Preloading 0 native plugins for Editor in 0.00 ms.
Invoked RoslynAnalysisRunner static constructor.
RoslynAnalysisRunner will not be running.
RoslynAnalysisRunner has terminated.
Mono: successfully reloaded assembly
- Completed reload, in  0.834 seconds
Platform modules already initialized, skipping
Refreshing native plugins compatible for Editor in 0.55 ms, found 1 plugins.
Preloading 0 native plugins for Editor in 0.00 ms.
Unloading 1898 Unused Serialized files (Serialized files now loaded: 0)
System memory in use before: 87.0 MB.
System memory in use after: 87.1 MB.

Unloading 21 unused Assets to reduce memory usage. Loaded Objects now: 2355.
Total: 2.466800 ms (FindLiveObjects: 0.342600 ms CreateObjectMapping: 0.061100 ms MarkObjects: 2.028200 ms  DeleteObjects: 0.032700 ms)

========================================================================
Received Import Request.
  Time since last request: 20.714111 seconds.
  path: Assets/CustomIntervalMode.cs
  artifactKey: Guid(468805c852c3a554ba6120867740c087) Importer(815301076,1909f56bfc062723c751e8b465ee728b)
Start importing Assets/CustomIntervalMode.cs using Guid(468805c852c3a554ba6120867740c087) Importer(815301076,1909f56bfc062723c751e8b465ee728b)  -> (artifact id: 'ae846a47843bda3019b90df7e9bd62d9') in 0.010560 seconds
  Import took 0.014149 seconds .

========================================================================
Received Prepare
Registering precompiled user dll's ...
Registered in 0.001159 seconds.
Begin MonoManager ReloadAssembly
Native extension for WindowsStandalone target not found
Native extension for WebGL target not found
Refreshing native plugins compatible for Editor in 0.56 ms, found 1 plugins.
Preloading 0 native plugins for Editor in 0.00 ms.
Invoked RoslynAnalysisRunner static constructor.
RoslynAnalysisRunner will not be running.
RoslynAnalysisRunner has terminated.
Mono: successfully reloaded assembly
- Completed reload, in  0.808 seconds
Platform modules already initialized, skipping
Refreshing native plugins compatible for Editor in 0.58 ms, found 1 plugins.
Preloading 0 native plugins for Editor in 0.00 ms.
Unloading 1899 Unused Serialized files (Serialized files now loaded: 0)
System memory in use before: 87.1 MB.
System memory in use after: 87.2 MB.

Unloading 20 unused Assets to reduce memory usage. Loaded Objects now: 2360.
Total: 2.402600 ms (FindLiveObjects: 0.261200 ms CreateObjectMapping: 0.046700 ms MarkObjects: 2.062500 ms  DeleteObjects: 0.029900 ms)

AssetImportWorkerClient::OnTransportError - code=2 error=End of file
